TN:
SF:src/index.js
FN:4,formatValue
FN:12,buildDiff
FN:17,(anonymous_2)
FN:30,genDiff
FNF:4
FNH:4
FNDA:6,formatValue
FNDA:1,buildDiff
FNDA:5,(anonymous_2)
FNDA:1,genDiff
DA:1,1
DA:2,1
DA:5,6
DA:6,4
DA:7,4
DA:8,2
DA:9,2
DA:13,1
DA:14,1
DA:15,1
DA:17,1
DA:18,5
DA:19,5
DA:20,5
DA:21,5
DA:23,5
DA:24,4
DA:25,2
DA:26,1
DA:31,1
DA:32,1
DA:33,1
DA:35,1
DA:36,1
DA:38,0
DA:41,1
LF:26
LH:25
BRDA:5,0,0,2
BRDA:5,0,1,4
BRDA:6,1,0,0
BRDA:6,1,1,4
BRDA:7,2,0,2
BRDA:7,2,1,2
BRDA:8,3,0,0
BRDA:8,3,1,2
BRDA:8,4,0,2
BRDA:8,4,1,0
BRDA:23,5,0,1
BRDA:23,5,1,4
BRDA:24,6,0,2
BRDA:24,6,1,2
BRDA:25,7,0,1
BRDA:25,7,1,1
BRDA:30,8,0,1
BRDA:35,9,0,1
BRDA:35,9,1,0
BRF:19
BRH:15
end_of_record
TN:
SF:src/parsers.js
FN:4,readFile
FNF:1
FNH:1
FNDA:2,readFile
DA:1,1
DA:2,1
DA:5,2
DA:6,2
DA:7,2
DA:9,2
DA:10,0
DA:13,2
DA:16,1
LF:9
LH:8
BRDA:9,0,0,0
BRDA:9,0,1,2
BRF:2
BRH:1
end_of_record
